  stdafx.cpp
c:\users\태규\onedrive\visual studio\consoleapplication9\은는이가을을 예제.c\stdafx.cpp : warning C4819: 현재 코드 페이지(949)에서 표시할 수 없는 문자가 파일에 들어 있습니다. 데이터가 손실되지 않게 하려면 해당 파일을 유니코드 형식으로 저장하십시오.
c:\users\태규\onedrive\visual studio\consoleapplication9\은는이가을을 예제.c\stdafx.h : warning C4819: 현재 코드 페이지(949)에서 표시할 수 없는 문자가 파일에 들어 있습니다. 데이터가 손실되지 않게 하려면 해당 파일을 유니코드 형식으로 저장하십시오.
c:\users\태규\onedrive\visual studio\consoleapplication9\은는이가을을 예제.c\targetver.h : warning C4819: 현재 코드 페이지(949)에서 표시할 수 없는 문자가 파일에 들어 있습니다. 데이터가 손실되지 않게 하려면 해당 파일을 유니코드 형식으로 저장하십시오.
  은는이가을를 예제.c
c:\users\태규\onedrive\visual studio\consoleapplication9\은는이가을을 예제.c\은는이가을를 예제.c(49): warning C4013: '_getws'이(가) 정의되지 않았습니다. extern은 int형을 반환하는 것으로 간주합니다.
c:\users\태규\onedrive\visual studio\consoleapplication9\은는이가을을 예제.c\은는이가을를 예제.c(56): warning C4047: '함수': 'wchar_t **'의 간접 참조 수준이 'wchar_t (*)[30]'과(와) 다릅니다.
c:\users\태규\onedrive\visual studio\consoleapplication9\은는이가을을 예제.c\은는이가을를 예제.c(56): warning C4024: 'wcstok_s': 형식 및 실제 매개 변수 3의 형식이 서로 다릅니다.
c:\users\태규\onedrive\visual studio\consoleapplication9\은는이가을을 예제.c\은는이가을를 예제.c(60): warning C4047: '함수': 'wchar_t **'의 간접 참조 수준이 'wchar_t (*)[30]'과(와) 다릅니다.
c:\users\태규\onedrive\visual studio\consoleapplication9\은는이가을을 예제.c\은는이가을를 예제.c(60): warning C4024: 'wcstok_s': 형식 및 실제 매개 변수 3의 형식이 서로 다릅니다.
c:\users\태규\onedrive\visual studio\consoleapplication9\은는이가을을 예제.c\은는이가을를 예제.c(51): warning C4047: '초기화 중': 'wchar_t *'의 간접 참조 수준이 'int'과(와) 다릅니다.
c:\users\태규\onedrive\visual studio\consoleapplication9\은는이가을을 예제.c\은는이가을를 예제.c(79): warning C4267: '초기화 중': 'size_t'에서 'int'(으)로 변환하면서 데이터가 손실될 수 있습니다.
c:\users\태규\onedrive\visual studio\consoleapplication9\은는이가을을 예제.c\은는이가을를 예제.c(51): warning C4101: 'ptr2' :참조되지 않은 지역 변수입니다.
c:\users\태규\onedrive\visual studio\consoleapplication9\은는이가을을 예제.c\은는이가을를 예제.c(165): warning C4098: 'givenjosa': 'void' 함수에서 값을 반환하고 있습니다.
c:\users\태규\onedrive\visual studio\consoleapplication9\은는이가을을 예제.c\은는이가을를 예제.c(170): warning C4098: 'givenjosa': 'void' 함수에서 값을 반환하고 있습니다.
c:\users\태규\onedrive\visual studio\consoleapplication9\은는이가을을 예제.c\은는이가을를 예제.c(180): warning C4098: 'givenjosa': 'void' 함수에서 값을 반환하고 있습니다.
c:\users\태규\onedrive\visual studio\consoleapplication9\은는이가을을 예제.c\은는이가을를 예제.c(185): warning C4098: 'givenjosa': 'void' 함수에서 값을 반환하고 있습니다.
c:\users\태규\onedrive\visual studio\consoleapplication9\은는이가을을 예제.c\은는이가을를 예제.c(195): warning C4098: 'givenjosa': 'void' 함수에서 값을 반환하고 있습니다.
c:\users\태규\onedrive\visual studio\consoleapplication9\은는이가을을 예제.c\은는이가을를 예제.c(200): warning C4098: 'givenjosa': 'void' 함수에서 값을 반환하고 있습니다.
c:\users\태규\onedrive\visual studio\consoleapplication9\은는이가을을 예제.c\은는이가을를 예제.c(154): warning C4267: '초기화 중': 'size_t'에서 'int'(으)로 변환하면서 데이터가 손실될 수 있습니다.
c:\users\태규\onedrive\visual studio\consoleapplication9\은는이가을을 예제.c\은는이가을를 예제.c(150): warning C4715: 'PorS': 모든 제어 경로에서 값을 반환하지는 않습니다.
  LINK : C:\Users\태규\OneDrive\Visual Studio\ConsoleApplication9\x64\Debug\은는이가을을 예제.c.exe을(를) 찾을 수 없거나 마지막 증분 링크에 의해 빌드되지 않았습니다. 전체 링크를 수행하고 있습니다.
  은는이가을을 예제.c.vcxproj -> C:\Users\태규\OneDrive\Visual Studio\ConsoleApplication9\x64\Debug\은는이가을을 예제.c.exe
  은는이가을을 예제.c.vcxproj -> C:\Users\태규\OneDrive\Visual Studio\ConsoleApplication9\x64\Debug\은는이가을을 예제.c.pdb (Partial PDB)
